[2026/4/20 上午12:31:52] GET /
[2026/4/20 上午12:31:53] GET /favicon.ico
[2026/4/20 上午1:05:21] GET /
[2026/4/20 上午1:05:23] GET /product/ILCE-6700.html
[2026/4/20 上午1:05:23] GET /images/a6700.jpg
[2026/4/20 上午1:05:28] GET /admin?code=521
[2026/4/20 上午1:06:19] GET /admin?code=521
[2026/4/20 上午1:07:36] GET /admin?code=521
[2026/4/20 上午1:07:39] GET /
[2026/4/20 上午1:07:43] GET /product/ILCE-6700.html
[2026/4/20 上午1:07:43] GET /images/a6700.jpg
[2026/4/20 上午1:07:44] GET /
[2026/4/20 上午1:11:54] GET /
[2026/4/20 上午1:11:54] GET /css/style.css
[2026/4/20 上午1:11:58] GET /product/ILCE-6700.html
[2026/4/20 上午1:11:58] GET /images/a6700.jpg
[2026/4/20 上午1:11:59] GET /
[2026/4/20 上午1:11:59] GET /css/style.css
[2026/4/20 上午1:12:01] GET /product/ILCE-7M5.html
[2026/4/20 上午1:12:01] GET /images/a7m5.jpg
[2026/4/20 上午1:12:02] GET /
[2026/4/20 上午1:12:02] GET /css/style.css
[2026/4/20 上午1:12:03] GET /product/ILCE-1M2.html
[2026/4/20 上午1:12:03] GET /images/a1m2.jpg
[2026/4/20 上午1:12:04] GET /
[2026/4/20 上午1:12:04] GET /css/style.css
[2026/4/20 上午1:12:04] GET /admin?code=521
[2026/4/20 上午1:12:08] GET /
[2026/4/20 上午1:12:08] GET /css/style.css
[2026/4/20 上午1:34:32] GET /product/ILCE-6700.html
[2026/4/20 上午1:34:32] GET /images/a6700.jpg
[2026/4/20 上午1:34:34] GET /
[2026/4/20 上午1:34:34] GET /css/style.css
